<?xml version="1.0" encoding="UTF-8"?>
<!-- Generated by org.testng.reporters.JUnitReportReporter -->
<testsuite hostname="admins-MacBook-Pro-3.local" failures="0" tests="3" name="AutoTest.LandingPage" time="29.893" errors="0" timestamp="4 Jan 2019 14:23:00 GMT">
  <testcase classname="AutoTest.LandingPage" name="basePageNavigation1" time="6.322"/>
  <testcase classname="AutoTest.LandingPage" name="basePageNavigation" time="16.697"/>
  <testcase classname="AutoTest.LandingPage" name="basePageNavigation" time="6.874"/>
</testsuite> <!-- AutoTest.LandingPage -->
