<?xml version="1.0" encoding="UTF-8"?>
<!-- Generated by org.testng.reporters.JUnitReportReporter -->
<testsuite hostname="Amrinder" name="AutoTest.AppTest" tests="1" failures="0" timestamp="1 Jan 2019 20:46:36 GMT" time="0.000" errors="0">
  <testcase name="shouldAnswerWithTrue" time="0.000" classname="AutoTest.AppTest"/>
</testsuite> <!-- AutoTest.AppTest -->
